mode: atomic
github.com/ecshreve/gelpers/slice.go:4.44,5.25 1 5
github.com/ecshreve/gelpers/slice.go:10.2,10.14 1 3
github.com/ecshreve/gelpers/slice.go:5.25,6.16 1 7
github.com/ecshreve/gelpers/slice.go:6.16,8.4 1 2
github.com/ecshreve/gelpers/string.go:17.36,19.34 2 7
github.com/ecshreve/gelpers/string.go:24.2,28.29 4 4
github.com/ecshreve/gelpers/string.go:33.2,33.23 1 4
github.com/ecshreve/gelpers/string.go:19.34,22.3 2 3
github.com/ecshreve/gelpers/string.go:28.29,31.3 2 10
github.com/ecshreve/gelpers/string.go:43.39,45.37 2 7
github.com/ecshreve/gelpers/string.go:50.2,54.29 4 4
github.com/ecshreve/gelpers/string.go:59.2,59.23 1 4
github.com/ecshreve/gelpers/string.go:45.37,48.3 2 3
github.com/ecshreve/gelpers/string.go:54.29,57.3 2 10
github.com/ecshreve/gelpers/pointer.go:4.36,6.2 1 1
github.com/ecshreve/gelpers/pointer.go:10.39,11.19 1 1
github.com/ecshreve/gelpers/pointer.go:14.2,14.16 1 1
github.com/ecshreve/gelpers/pointer.go:11.19,13.3 1 0
